[debug] [2020-11-06T12:21:53.924Z] ----------------------------------------------------------------------
[debug] [2020-11-06T12:21:53.926Z] Command:       /Users/argangul/Documents/firebase /Users/argangul/.cache/firebase/tools/lib/node_modules/firebase-tools/lib/bin/firebase deploy
[debug] [2020-11-06T12:21:53.926Z] CLI Version:   8.4.3
[debug] [2020-11-06T12:21:53.926Z] Platform:      darwin
[debug] [2020-11-06T12:21:53.926Z] Node Version:  v12.16.1
[debug] [2020-11-06T12:21:53.932Z] Time:          Fri Nov 06 2020 17:51:53 GMT+0530 (India Standard Time)
[debug] [2020-11-06T12:21:53.932Z] ----------------------------------------------------------------------
[debug] [2020-11-06T12:21:53.932Z] 
[debug] [2020-11-06T12:21:53.940Z] > command requires scopes: ["email","openid","https://www.googleapis.com/auth/cloudplatformprojects.readonly","https://www.googleapis.com/auth/firebase","https://www.googleapis.com/auth/cloud-platform"]
[debug] [2020-11-06T12:21:53.941Z] > authorizing via signed-in user
[debug] [2020-11-06T12:21:53.941Z] [iam] checking project ra-engineers-01 for permissions ["firebase.projects.get","firebasehosting.sites.update"]
[debug] [2020-11-06T12:21:53.944Z] > refreshing access token with scopes: ["email","https://www.googleapis.com/auth/cloud-platform","https://www.googleapis.com/auth/cloudplatformprojects.readonly","https://www.googleapis.com/auth/firebase","openid"]
[debug] [2020-11-06T12:21:53.944Z] >>> HTTP REQUEST POST https://www.googleapis.com/oauth2/v3/token  
 <request body omitted>
[debug] [2020-11-06T12:21:54.372Z] <<< HTTP RESPONSE 200 {"date":"Fri, 06 Nov 2020 12:21:54 GMT","expires":"Mon, 01 Jan 1990 00:00:00 GMT","pragma":"no-cache","cache-control":"no-cache, no-store, max-age=0, must-revalidate","content-type":"application/json; charset=utf-8","vary":"X-Origin, Referer, Origin,Accept-Encoding","server":"scaffolding on HTTPServer2","x-xss-protection":"0","x-frame-options":"SAMEORIGIN","x-content-type-options":"nosniff","accept-ranges":"none","transfer-encoding":"chunked"}
[debug] [2020-11-06T12:21:54.386Z] >>> HTTP REQUEST POST https://cloudresourcemanager.googleapis.com/v1/projects/ra-engineers-01:testIamPermissions  
 {"permissions":["firebase.projects.get","firebasehosting.sites.update"]}
[debug] [2020-11-06T12:21:56.013Z] <<< HTTP RESPONSE 200 {"content-type":"application/json; charset=UTF-8","vary":"X-Origin, Referer, Origin,Accept-Encoding","date":"Fri, 06 Nov 2020 12:21:55 GMT","server":"ESF","cache-control":"private","x-xss-protection":"0","x-frame-options":"SAMEORIGIN","x-content-type-options":"nosniff","server-timing":"gfet4t7; dur=1396","accept-ranges":"none","transfer-encoding":"chunked"}
[debug] [2020-11-06T12:21:56.015Z] >>> HTTP REQUEST GET https://firebase.googleapis.com/v1beta1/projects/ra-engineers-01  
 
[debug] [2020-11-06T12:21:56.595Z] <<< HTTP RESPONSE 200 {"content-type":"application/json; charset=UTF-8","vary":"X-Origin, Referer, Origin,Accept-Encoding","date":"Fri, 06 Nov 2020 12:21:56 GMT","server":"ESF","cache-control":"private","x-xss-protection":"0","x-frame-options":"SAMEORIGIN","x-content-type-options":"nosniff","accept-ranges":"none","transfer-encoding":"chunked"}
[info] 
[info] === Deploying to 'ra-engineers-01'...
[info] 
[info] i  deploying hosting 
[debug] [2020-11-06T12:21:56.599Z] >>> HTTP REQUEST POST https://firebasehosting.googleapis.com/v1beta1/sites/ra-engineers-01/versions  
 {"config":{},"labels":{"deployment-tool":"cli-firebase"}}
[debug] [2020-11-06T12:21:59.720Z] <<< HTTP RESPONSE 200 {"content-type":"application/json; charset=UTF-8","vary":"X-Origin, Referer, Origin,Accept-Encoding","date":"Fri, 06 Nov 2020 12:21:59 GMT","server":"ESF","cache-control":"private","x-xss-protection":"0","x-frame-options":"SAMEORIGIN","x-content-type-options":"nosniff","accept-ranges":"none","transfer-encoding":"chunked"}
[info] i  hosting[ra-engineers-01]: beginning deploy... 
[info] i  hosting[ra-engineers-01]: found 32 files in dist 
[debug] [2020-11-06T12:22:00.092Z] [hosting] hash cache [ZGlzdA] stored for 32 files
[debug] [2020-11-06T12:22:00.092Z] [hosting][hash queue][FINAL] {"max":351,"min":28,"avg":73.6875,"active":0,"complete":32,"success":32,"errored":0,"retried":0,"total":32,"elapsed":362}
[debug] [2020-11-06T12:22:00.093Z] >>> HTTP REQUEST POST https://firebasehosting.googleapis.com/v1beta1/sites/ra-engineers-01/versions/e4c449356bf64409:populateFiles  
 <request body omitted>
[debug] [2020-11-06T12:22:02.120Z] <<< HTTP RESPONSE 200 {"content-type":"application/json; charset=UTF-8","vary":"X-Origin, Referer, Origin,Accept-Encoding","date":"Fri, 06 Nov 2020 12:22:01 GMT","server":"ESF","cache-control":"private","x-xss-protection":"0","x-frame-options":"SAMEORIGIN","x-content-type-options":"nosniff","accept-ranges":"none","transfer-encoding":"chunked"}
[debug] [2020-11-06T12:22:02.123Z] [hosting][populate queue][FINAL] {"max":2030,"min":2030,"avg":2030,"active":0,"complete":1,"success":1,"errored":0,"retried":0,"total":1,"elapsed":2032}
[debug] [2020-11-06T12:22:02.123Z] [hosting] uploads queued: 6
